[debug] [2024-11-30T12:16:14.887Z] ----------------------------------------------------------------------
[debug] [2024-11-30T12:16:14.890Z] Command:       /home/michael/.nvm/versions/node/v22.11.0/bin/node /home/michael/.nvm/versions/node/v22.11.0/bin/firebase init
[debug] [2024-11-30T12:16:14.891Z] CLI Version:   13.27.0
[debug] [2024-11-30T12:16:14.891Z] Platform:      linux
[debug] [2024-11-30T12:16:14.891Z] Node Version:  v22.11.0
[debug] [2024-11-30T12:16:14.892Z] Time:          Sat Nov 30 2024 15:16:14 GMT+0300 (East Africa Time)
[debug] [2024-11-30T12:16:14.892Z] ----------------------------------------------------------------------
[debug] 
[debug] [2024-11-30T12:16:14.899Z] > command requires scopes: ["email","openid","https://www.googleapis.com/auth/cloudplatformprojects.readonly","https://www.googleapis.com/auth/firebase","https://www.googleapis.com/auth/cloud-platform"]
[debug] [2024-11-30T12:16:14.900Z] > authorizing via signed-in user (diangamichael@gmail.com)
[info] 
     ######## #### ########  ######## ########     ###     ######  ########
     ##        ##  ##     ## ##       ##     ##  ##   ##  ##       ##
     ######    ##  ########  ######   ########  #########  ######  ######
     ##        ##  ##    ##  ##       ##     ## ##     ##       ## ##
     ##       #### ##     ## ######## ########  ##     ##  ######  ########

You're about to initialize a Firebase project in this directory:

  /home/michael/Desktop/Hackerthorns/fluttertest

[info] 
=== Project Setup
[info] 
[info] First, let's associate this project directory with a Firebase project.
[info] You can create multiple project aliases by running firebase use --add, 
[info] but for now we'll just set up a default project.
[info] 
[debug] [2024-11-30T12:17:05.361Z] Checked if tokens are valid: true, expires at: 1732971763570
[debug] [2024-11-30T12:17:05.361Z] Checked if tokens are valid: true, expires at: 1732971763570
[debug] [2024-11-30T12:17:05.363Z] >>> [apiv2][query] GET https://firebase.googleapis.com/v1beta1/projects pageSize=100
[debug] [2024-11-30T12:17:06.663Z] <<< [apiv2][status] GET https://firebase.googleapis.com/v1beta1/projects 200
[debug] [2024-11-30T12:17:06.664Z] <<< [apiv2][body] GET https://firebase.googleapis.com/v1beta1/projects [omitted]
[info] i  Using project laara-ec35c (laara) 
[info] 
=== Dataconnect Setup
[debug] [2024-11-30T12:17:14.173Z] Checked if tokens are valid: true, expires at: 1732971763570
[debug] [2024-11-30T12:17:14.173Z] Checked if tokens are valid: true, expires at: 1732971763570
[debug] [2024-11-30T12:17:14.174Z] >>> [apiv2][query] GET https://cloudbilling.googleapis.com/v1/projects/laara-ec35c/billingInfo [none]
[debug] [2024-11-30T12:17:15.793Z] <<< [apiv2][status] GET https://cloudbilling.googleapis.com/v1/projects/laara-ec35c/billingInfo 200
[debug] [2024-11-30T12:17:15.793Z] <<< [apiv2][body] GET https://cloudbilling.googleapis.com/v1/projects/laara-ec35c/billingInfo {"name":"projects/laara-ec35c/billingInfo","projectId":"laara-ec35c","billingAccountName":"","billingEnabled":false}
[info] i  dataconnect: ensuring required API sqladmin.googleapis.com is enabled... 
[debug] [2024-11-30T12:17:15.795Z] Checked if tokens are valid: true, expires at: 1732971763570
[debug] [2024-11-30T12:17:15.795Z] Checked if tokens are valid: true, expires at: 1732971763570
[debug] [2024-11-30T12:17:15.795Z] >>> [apiv2][query] GET https://serviceusage.googleapis.com/v1/projects/laara-ec35c/services/sqladmin.googleapis.com [none]
[debug] [2024-11-30T12:17:15.795Z] >>> [apiv2][(partial)header] GET https://serviceusage.googleapis.com/v1/projects/laara-ec35c/services/sqladmin.googleapis.com x-goog-quota-user=projects/laara-ec35c
[debug] [2024-11-30T12:17:18.126Z] <<< [apiv2][status] GET https://serviceusage.googleapis.com/v1/projects/laara-ec35c/services/sqladmin.googleapis.com 200
[debug] [2024-11-30T12:17:18.126Z] <<< [apiv2][body] GET https://serviceusage.googleapis.com/v1/projects/laara-ec35c/services/sqladmin.googleapis.com [omitted]
[warn] ⚠  dataconnect: missing required API sqladmin.googleapis.com. Enabling now... 
[debug] [2024-11-30T12:17:18.127Z] Checked if tokens are valid: true, expires at: 1732971763570
[debug] [2024-11-30T12:17:18.128Z] Checked if tokens are valid: true, expires at: 1732971763570
[debug] [2024-11-30T12:17:18.128Z] >>> [apiv2][query] POST https://serviceusage.googleapis.com/v1/projects/laara-ec35c/services/sqladmin.googleapis.com:enable [none]
[debug] [2024-11-30T12:17:18.128Z] >>> [apiv2][(partial)header] POST https://serviceusage.googleapis.com/v1/projects/laara-ec35c/services/sqladmin.googleapis.com:enable x-goog-quota-user=projects/laara-ec35c
[debug] [2024-11-30T12:17:20.243Z] <<< [apiv2][status] POST https://serviceusage.googleapis.com/v1/projects/laara-ec35c/services/sqladmin.googleapis.com:enable 200
[debug] [2024-11-30T12:17:20.244Z] <<< [apiv2][body] POST https://serviceusage.googleapis.com/v1/projects/laara-ec35c/services/sqladmin.googleapis.com:enable [omitted]
[debug] [2024-11-30T12:17:30.250Z] Checked if tokens are valid: true, expires at: 1732971763570
[debug] [2024-11-30T12:17:30.251Z] Checked if tokens are valid: true, expires at: 1732971763570
[debug] [2024-11-30T12:17:30.251Z] >>> [apiv2][query] GET https://serviceusage.googleapis.com/v1/projects/laara-ec35c/services/sqladmin.googleapis.com [none]
[debug] [2024-11-30T12:17:30.251Z] >>> [apiv2][(partial)header] GET https://serviceusage.googleapis.com/v1/projects/laara-ec35c/services/sqladmin.googleapis.com x-goog-quota-user=projects/laara-ec35c
[debug] [2024-11-30T12:17:32.337Z] <<< [apiv2][status] GET https://serviceusage.googleapis.com/v1/projects/laara-ec35c/services/sqladmin.googleapis.com 200
[debug] [2024-11-30T12:17:32.338Z] <<< [apiv2][body] GET https://serviceusage.googleapis.com/v1/projects/laara-ec35c/services/sqladmin.googleapis.com [omitted]
[info] ✔  dataconnect: required API sqladmin.googleapis.com is enabled 
[info] ✔  Wrote dataconnect/dataconnect.yaml 
[info] ✔  Wrote dataconnect/schema/schema.gql 
[info] ✔  Wrote dataconnect/connector/connector.yaml 
[info] ✔  Wrote dataconnect/connector/queries.gql 
[info] ✔  Wrote dataconnect/connector/mutations.gql 
[info] ✔  Detected FLUTTER app in directory /home/michael/Desktop/Hackerthorns/fluttertest 
[info] i  Wrote new config to /home/michael/Desktop/Hackerthorns/fluttertest/dataconnect/connector/connector.yaml 
[info] i  dataconnect: downloading dataconnect-emulator-1.7.3... {"metadata":{"emulator":{"name":"dataconnect"},"message":"downloading dataconnect-emulator-1.7.3..."}}
[debug] [2024-11-30T12:17:40.664Z] >>> [apiv2][query] GET https://storage.googleapis.com/firemat-preview-drop/emulator/dataconnect-emulator-linux-v1.7.3 
[debug] [2024-11-30T12:17:42.366Z] <<< [apiv2][status] GET https://storage.googleapis.com/firemat-preview-drop/emulator/dataconnect-emulator-linux-v1.7.3 200
[debug] [2024-11-30T12:17:42.367Z] <<< [apiv2][body] GET https://storage.googleapis.com/firemat-preview-drop/emulator/dataconnect-emulator-linux-v1.7.3 [stream]
